15:59:45 DEBUG : Logs will be stored at 'D:/doctor_prjs/mmWave/project_AWR_SPI/vitis_classic_AWR/IDE.log'.
15:59:48 INFO  : Launching XSCT server: xsct.bat -n  -interactive D:\doctor_prjs\mmWave\project_AWR_SPI\vitis_classic_AWR\temp_xsdb_launch_script.tcl
15:59:48 INFO  : Registering command handlers for Vitis TCF services
15:59:49 INFO  : Platform repository initialization has completed.
15:59:50 INFO  : XSCT server has started successfully.
15:59:51 INFO  : plnx-install-location is set to ''
15:59:51 INFO  : Successfully done setting XSCT server connection channel  
15:59:51 INFO  : Successfully done query RDI_DATADIR 
15:59:51 INFO  : Successfully done setting workspace for the tool. 
16:00:29 INFO  : Result from executing command 'getProjects': HW_AWR_test
16:00:29 INFO  : Result from executing command 'getPlatforms': xilinx_vck190_base_202320_1|C:/Xilinx/Vitis/2023.2/base_platforms/xilinx_vck190_base_202320_1/xilinx_vck190_base_202320_1.xpfm;xilinx_vck190_base_dfx_202320_1|C:/Xilinx/Vitis/2023.2/base_platforms/xilinx_vck190_base_dfx_202320_1/xilinx_vck190_base_dfx_202320_1.xpfm;xilinx_vek280_es1_base_202320_1|C:/Xilinx/Vitis/2023.2/base_platforms/xilinx_vek280_es1_base_202320_1/xilinx_vek280_es1_base_202320_1.xpfm;xilinx_vmk180_base_202320_1|C:/Xilinx/Vitis/2023.2/base_platforms/xilinx_vmk180_base_202320_1/xilinx_vmk180_base_202320_1.xpfm;xilinx_zcu102_base_202320_1|C:/Xilinx/Vitis/2023.2/base_platforms/xilinx_zcu102_base_202320_1/xilinx_zcu102_base_202320_1.xpfm;xilinx_zcu102_base_dfx_202320_1|C:/Xilinx/Vitis/2023.2/base_platforms/xilinx_zcu102_base_dfx_202320_1/xilinx_zcu102_base_dfx_202320_1.xpfm;xilinx_zcu104_base_202320_1|C:/Xilinx/Vitis/2023.2/base_platforms/xilinx_zcu104_base_202320_1/xilinx_zcu104_base_202320_1.xpfm
16:01:58 INFO  : Result from executing command 'getProjects': HW_AWR_test
16:01:58 INFO  : Result from executing command 'getPlatforms': HW_AWR_test|D:/doctor_prjs/mmWave/project_AWR_SPI/vitis_classic_AWR/HW_AWR_test/export/HW_AWR_test/HW_AWR_test.xpfm;xilinx_vck190_base_202320_1|C:/Xilinx/Vitis/2023.2/base_platforms/xilinx_vck190_base_202320_1/xilinx_vck190_base_202320_1.xpfm;xilinx_vck190_base_dfx_202320_1|C:/Xilinx/Vitis/2023.2/base_platforms/xilinx_vck190_base_dfx_202320_1/xilinx_vck190_base_dfx_202320_1.xpfm;xilinx_vek280_es1_base_202320_1|C:/Xilinx/Vitis/2023.2/base_platforms/xilinx_vek280_es1_base_202320_1/xilinx_vek280_es1_base_202320_1.xpfm;xilinx_vmk180_base_202320_1|C:/Xilinx/Vitis/2023.2/base_platforms/xilinx_vmk180_base_202320_1/xilinx_vmk180_base_202320_1.xpfm;xilinx_zcu102_base_202320_1|C:/Xilinx/Vitis/2023.2/base_platforms/xilinx_zcu102_base_202320_1/xilinx_zcu102_base_202320_1.xpfm;xilinx_zcu102_base_dfx_202320_1|C:/Xilinx/Vitis/2023.2/base_platforms/xilinx_zcu102_base_dfx_202320_1/xilinx_zcu102_base_dfx_202320_1.xpfm;xilinx_zcu104_base_202320_1|C:/Xilinx/Vitis/2023.2/base_platforms/xilinx_zcu104_base_202320_1/xilinx_zcu104_base_202320_1.xpfm
16:03:43 INFO  : Checking for BSP changes to sync application flags for project 'APP_AWR_SER'...
16:03:59 INFO  : Checking for BSP changes to sync application flags for project 'APP_AWR_SER'...
16:05:08 INFO  : Checking for BSP changes to sync application flags for project 'APP_AWR_SER'...
16:07:05 INFO  : Checking for BSP changes to sync application flags for project 'APP_AWR_SER'...
16:10:55 INFO  : Checking for BSP changes to sync application flags for project 'APP_AWR_SER'...
16:11:27 INFO  : Checking for BSP changes to sync application flags for project 'APP_AWR_SER'...
16:11:35 INFO  : Checking for BSP changes to sync application flags for project 'APP_AWR_SER'...
16:11:40 INFO  : Checking for BSP changes to sync application flags for project 'APP_AWR_SER'...
16:13:26 INFO  : Checking for BSP changes to sync application flags for project 'APP_AWR_SER'...
16:22:05 INFO  : Checking for BSP changes to sync application flags for project 'APP_AWR_SER'...
18:14:07 INFO  : Checking for BSP changes to sync application flags for project 'APP_AWR_SER'...
18:14:27 INFO  : Checking for BSP changes to sync application flags for project 'APP_AWR_SER'...
18:22:59 INFO  : Checking for BSP changes to sync application flags for project 'APP_AWR_SER'...
18:27:18 INFO  : Checking for BSP changes to sync application flags for project 'APP_AWR_SER'...
19:56:25 INFO  : Checking for BSP changes to sync application flags for project 'APP_AWR_SER'...
19:57:41 INFO  : Checking for BSP changes to sync application flags for project 'APP_AWR_SER'...
19:57:55 INFO  : Checking for BSP changes to sync application flags for project 'APP_AWR_SER'...
19:58:33 INFO  : Checking for BSP changes to sync application flags for project 'APP_AWR_SER'...
19:58:46 INFO  : Checking for BSP changes to sync application flags for project 'APP_AWR_SER'...
19:59:24 INFO  : Checking for BSP changes to sync application flags for project 'APP_AWR_SER'...
20:01:09 INFO  : Checking for BSP changes to sync application flags for project 'APP_AWR_SER'...
20:01:15 INFO  : Checking for BSP changes to sync application flags for project 'APP_AWR_SER'...
20:01:35 INFO  : Checking for BSP changes to sync application flags for project 'APP_AWR_SER'...
20:05:21 INFO  : Checking for BSP changes to sync application flags for project 'APP_AWR_SER'...
20:19:57 INFO  : Checking for BSP changes to sync application flags for project 'APP_AWR_SER'...
